<?xml version="1.0" encoding="utf-8"?>
<CoverageSession xmlns:xsd="http://www.w3.org/2001/XMLSchema" xmlns:xsi="http://www.w3.org/2001/XMLSchema-instance">
  <Summary numSequencePoints="0" visitedSequencePoints="0" numBranchPoints="0" visitedBranchPoints="0" sequenceCoverage="0" branchCoverage="0" maxCyclomaticComplexity="0" minCyclomaticComplexity="0" visitedClasses="0" numClasses="0" visitedMethods="0" numMethods="0" />
  <Modules>
    <Module skippedDueTo="Filter" hash="A5-5F-5C-34-6C-6F-A2-8D-5F-48-3B-97-31-8E-BE-ED-64-C5-34-93">
      <ModulePath>C:\WINDOWS\Microsoft.Net\assembly\GAC_64\mscorlib\v4.0_4.0.0.0__b77a5c561934e089\mscorlib.dll</ModulePath>
      <ModuleTime>2019-12-07T06:00:37.9046237Z</ModuleTime>
      <ModuleName>mscorlib</ModuleName>
      <Classes />
    </Module>
    <Module skippedDueTo="MissingPdb" hash="42-C9-8F-EF-AA-E3-63-C5-C5-2D-17-C3-6F-59-D1-AD-14-6C-99-BE">
      <ModulePath>D:\GitHub\personal\MPT.Net\MPT\Math\tools\NUnit.ConsoleRunner.3.11.1\tools\nunit3-console.exe</ModulePath>
      <ModuleTime>2020-02-15T23:53:42Z</ModuleTime>
      <ModuleName>nunit3-console</ModuleName>
      <Classes />
    </Module>
    <Module skippedDueTo="Filter" hash="4A-9D-81-85-DC-CF-74-ED-91-AC-6F-7B-37-3D-3E-0B-36-5C-56-66">
      <ModulePath>C:\WINDOWS\Microsoft.Net\assembly\GAC_MSIL\System\v4.0_4.0.0.0__b77a5c561934e089\System.dll</ModulePath>
      <ModuleTime>2019-07-24T02:58:28Z</ModuleTime>
      <ModuleName>System</ModuleName>
      <Classes />
    </Module>
    <Module skippedDueTo="MissingPdb" hash="32-22-F7-34-49-53-3E-B3-76-84-22-8E-73-CA-B5-1C-BA-AE-AC-DA">
      <ModulePath>D:\GitHub\personal\MPT.Net\MPT\Math\tools\NUnit.ConsoleRunner.3.11.1\tools\nunit.engine.api.dll</ModulePath>
      <ModuleTime>2020-02-15T23:53:40Z</ModuleTime>
      <ModuleName>nunit.engine.api</ModuleName>
      <Classes />
    </Module>
    <Module skippedDueTo="MissingPdb" hash="55-68-0A-99-61-63-60-B6-04-BF-64-64-0F-2D-A7-2F-84-F0-63-24">
      <ModulePath>D:\GitHub\personal\MPT.Net\MPT\Math\tools\NUnit.ConsoleRunner.3.11.1\tools\nunit.engine.dll</ModulePath>
      <ModuleTime>2020-02-15T23:53:42Z</ModuleTime>
      <ModuleName>nunit.engine</ModuleName>
      <Classes />
    </Module>
    <Module skippedDueTo="MissingPdb" hash="55-68-0A-99-61-63-60-B6-04-BF-64-64-0F-2D-A7-2F-84-F0-63-24">
      <ModulePath>D:\GitHub\personal\MPT.Net\MPT\Math\tools\NUnit.ConsoleRunner.3.11.1\tools\nunit.engine.dll</ModulePath>
      <ModuleTime>2020-02-15T23:53:42Z</ModuleTime>
      <ModuleName>nunit.engine</ModuleName>
      <Classes />
    </Module>
    <Module skippedDueTo="MissingPdb" hash="33-0F-CC-4F-90-8C-B0-D8-44-D2-72-BB-E0-86-1E-17-FE-06-EB-9C">
      <ModulePath>D:\GitHub\personal\MPT.Net\MPT\Math\tools\NUnit.ConsoleRunner.3.11.1\tools\nunit.engine.core.dll</ModulePath>
      <ModuleTime>2020-02-15T23:53:40Z</ModuleTime>
      <ModuleName>nunit.engine.core</ModuleName>
      <Classes />
    </Module>
    <Module skippedDueTo="Filter" hash="BA-94-4B-50-1E-D5-31-87-F3-25-6E-BA-07-71-E4-9F-22-0D-B8-34">
      <ModulePath>C:\WINDOWS\Microsoft.Net\assembly\GAC_MSIL\System.Xml\v4.0_4.0.0.0__b77a5c561934e089\System.Xml.dll</ModulePath>
      <ModuleTime>2019-03-19T04:46:51.77351Z</ModuleTime>
      <ModuleName>System.Xml</ModuleName>
      <Classes />
    </Module>
    <Module skippedDueTo="Filter" hash="04-92-31-F6-AF-DB-82-CE-7F-AD-A9-52-42-0C-26-C5-2A-65-10-FA">
      <ModulePath>C:\WINDOWS\Microsoft.Net\assembly\GAC_64\System.Web\v4.0_4.0.0.0__b03f5f7f11d50a3a\System.Web.dll</ModulePath>
      <ModuleTime>2019-11-23T04:37:24.5053551Z</ModuleTime>
      <ModuleName>System.Web</ModuleName>
      <Classes />
    </Module>
    <Module skippedDueTo="MissingPdb" hash="8A-2E-8F-D6-9D-39-02-4A-2F-30-FC-06-42-F7-0F-A8-32-69-07-72">
      <ModulePath>D:\GitHub\personal\MPT.Net\MPT\Math\tools\NUnit.ConsoleRunner.3.11.1\tools\Mono.Cecil.dll</ModulePath>
      <ModuleTime>2015-04-30T22:02:16Z</ModuleTime>
      <ModuleName>Mono.Cecil</ModuleName>
      <Classes />
    </Module>
    <Module skippedDueTo="Filter" hash="A7-7B-4E-D4-75-E8-13-EA-81-E3-7A-CE-3B-E3-5B-7B-B9-B9-D8-B3">
      <ModulePath>C:\WINDOWS\Microsoft.Net\assembly\GAC_MSIL\System.Runtime.Remoting\v4.0_4.0.0.0__b77a5c561934e089\System.Runtime.Remoting.dll</ModulePath>
      <ModuleTime>2019-03-19T04:46:46.6637279Z</ModuleTime>
      <ModuleName>System.Runtime.Remoting</ModuleName>
      <Classes />
    </Module>
    <Module skippedDueTo="Filter" hash="DF-C9-61-37-67-FC-86-B5-19-6B-51-39-78-82-42-F2-94-44-FD-2F">
      <ModulePath>C:\WINDOWS\Microsoft.Net\assembly\GAC_MSIL\System.Configuration\v4.0_4.0.0.0__b03f5f7f11d50a3a\System.Configuration.dll</ModulePath>
      <ModuleTime>2019-03-19T04:46:46.1168105Z</ModuleTime>
      <ModuleName>System.Configuration</ModuleName>
      <Classes />
    </Module>
    <Module skippedDueTo="Filter" hash="A5-5F-5C-34-6C-6F-A2-8D-5F-48-3B-97-31-8E-BE-ED-64-C5-34-93">
      <ModulePath>C:\WINDOWS\Microsoft.Net\assembly\GAC_64\mscorlib\v4.0_4.0.0.0__b77a5c561934e089\mscorlib.dll</ModulePath>
      <ModuleTime>2019-12-07T06:00:37.9046237Z</ModuleTime>
      <ModuleName>mscorlib</ModuleName>
      <Classes />
    </Module>
    <Module skippedDueTo="MissingPdb" hash="22-5B-0D-43-CD-61-A2-25-A2-96-F8-58-18-EF-B4-63-29-C8-C8-2E">
      <ModulePath>D:\GitHub\personal\MPT.Net\MPT\Math\tools\NUnit.ConsoleRunner.3.11.1\tools\nunit-agent.exe</ModulePath>
      <ModuleTime>2020-02-15T23:53:42Z</ModuleTime>
      <ModuleName>nunit-agent</ModuleName>
      <Classes />
    </Module>
    <Module skippedDueTo="MissingPdb" hash="32-22-F7-34-49-53-3E-B3-76-84-22-8E-73-CA-B5-1C-BA-AE-AC-DA">
      <ModulePath>D:\GitHub\personal\MPT.Net\MPT\Math\tools\NUnit.ConsoleRunner.3.11.1\tools\nunit.engine.api.dll</ModulePath>
      <ModuleTime>2020-02-15T23:53:40Z</ModuleTime>
      <ModuleName>nunit.engine.api</ModuleName>
      <Classes />
    </Module>
    <Module skippedDueTo="MissingPdb" hash="33-0F-CC-4F-90-8C-B0-D8-44-D2-72-BB-E0-86-1E-17-FE-06-EB-9C">
      <ModulePath>D:\GitHub\personal\MPT.Net\MPT\Math\tools\NUnit.ConsoleRunner.3.11.1\tools\nunit.engine.core.dll</ModulePath>
      <ModuleTime>2020-02-15T23:53:40Z</ModuleTime>
      <ModuleName>nunit.engine.core</ModuleName>
      <Classes />
    </Module>
    <Module skippedDueTo="Filter" hash="4A-9D-81-85-DC-CF-74-ED-91-AC-6F-7B-37-3D-3E-0B-36-5C-56-66">
      <ModulePath>C:\WINDOWS\Microsoft.Net\assembly\GAC_MSIL\System\v4.0_4.0.0.0__b77a5c561934e089\System.dll</ModulePath>
      <ModuleTime>2019-07-24T02:58:28Z</ModuleTime>
      <ModuleName>System</ModuleName>
      <Classes />
    </Module>
    <Module skippedDueTo="Filter" hash="BA-94-4B-50-1E-D5-31-87-F3-25-6E-BA-07-71-E4-9F-22-0D-B8-34">
      <ModulePath>C:\WINDOWS\Microsoft.Net\assembly\GAC_MSIL\System.Xml\v4.0_4.0.0.0__b77a5c561934e089\System.Xml.dll</ModulePath>
      <ModuleTime>2019-03-19T04:46:51.77351Z</ModuleTime>
      <ModuleName>System.Xml</ModuleName>
      <Classes />
    </Module>
    <Module skippedDueTo="Filter" hash="04-92-31-F6-AF-DB-82-CE-7F-AD-A9-52-42-0C-26-C5-2A-65-10-FA">
      <ModulePath>C:\WINDOWS\Microsoft.Net\assembly\GAC_64\System.Web\v4.0_4.0.0.0__b03f5f7f11d50a3a\System.Web.dll</ModulePath>
      <ModuleTime>2019-11-23T04:37:24.5053551Z</ModuleTime>
      <ModuleName>System.Web</ModuleName>
      <Classes />
    </Module>
    <Module skippedDueTo="MissingPdb" hash="8A-2E-8F-D6-9D-39-02-4A-2F-30-FC-06-42-F7-0F-A8-32-69-07-72">
      <ModulePath>D:\GitHub\personal\MPT.Net\MPT\Math\tools\NUnit.ConsoleRunner.3.11.1\tools\Mono.Cecil.dll</ModulePath>
      <ModuleTime>2015-04-30T22:02:16Z</ModuleTime>
      <ModuleName>Mono.Cecil</ModuleName>
      <Classes />
    </Module>
    <Module skippedDueTo="Filter" hash="A7-7B-4E-D4-75-E8-13-EA-81-E3-7A-CE-3B-E3-5B-7B-B9-B9-D8-B3">
      <ModulePath>C:\WINDOWS\Microsoft.Net\assembly\GAC_MSIL\System.Runtime.Remoting\v4.0_4.0.0.0__b77a5c561934e089\System.Runtime.Remoting.dll</ModulePath>
      <ModuleTime>2019-03-19T04:46:46.6637279Z</ModuleTime>
      <ModuleName>System.Runtime.Remoting</ModuleName>
      <Classes />
    </Module>
    <Module skippedDueTo="Filter" hash="DF-C9-61-37-67-FC-86-B5-19-6B-51-39-78-82-42-F2-94-44-FD-2F">
      <ModulePath>C:\WINDOWS\Microsoft.Net\assembly\GAC_MSIL\System.Configuration\v4.0_4.0.0.0__b03f5f7f11d50a3a\System.Configuration.dll</ModulePath>
      <ModuleTime>2019-03-19T04:46:46.1168105Z</ModuleTime>
      <ModuleName>System.Configuration</ModuleName>
      <Classes />
    </Module>
    <Module skippedDueTo="Filter" hash="CC-DB-8A-78-1D-14-03-CA-9E-57-77-AD-02-B0-11-1E-9D-D0-F8-EB">
      <ModulePath>C:\WINDOWS\Microsoft.Net\assembly\GAC_MSIL\System.Core\v4.0_4.0.0.0__b77a5c561934e089\System.Core.dll</ModulePath>
      <ModuleTime>2019-12-07T06:03:04Z</ModuleTime>
      <ModuleName>System.Core</ModuleName>
      <Classes />
    </Module>
    <Module skippedDueTo="Filter" hash="CC-DB-8A-78-1D-14-03-CA-9E-57-77-AD-02-B0-11-1E-9D-D0-F8-EB">
      <ModulePath>C:\WINDOWS\Microsoft.Net\assembly\GAC_MSIL\System.Core\v4.0_4.0.0.0__b77a5c561934e089\System.Core.dll</ModulePath>
      <ModuleTime>2019-12-07T06:03:04Z</ModuleTime>
      <ModuleName>System.Core</ModuleName>
      <Classes />
    </Module>
    <Module skippedDueTo="Filter" hash="CC-DB-8A-78-1D-14-03-CA-9E-57-77-AD-02-B0-11-1E-9D-D0-F8-EB">
      <ModulePath>C:\WINDOWS\Microsoft.Net\assembly\GAC_MSIL\System.Core\v4.0_4.0.0.0__b77a5c561934e089\System.Core.dll</ModulePath>
      <ModuleTime>2019-12-07T06:03:04Z</ModuleTime>
      <ModuleName>System.Core</ModuleName>
      <Classes />
    </Module>
  </Modules>
</CoverageSession>