<?xml version="1.0" encoding="utf-8"?>
<CoverageSession xmlns:xsd="http://www.w3.org/2001/XMLSchema" xmlns:xsi="http://www.w3.org/2001/XMLSchema-instance">
  <Summary numSequencePoints="0" visitedSequencePoints="0" numBranchPoints="0" visitedBranchPoints="0" sequenceCoverage="0" branchCoverage="0" maxCyclomaticComplexity="0" minCyclomaticComplexity="0" visitedClasses="0" numClasses="0" visitedMethods="0" numMethods="0" />
  <Modules>
    <Module skippedDueTo="Filter" hash="D3-AE-24-94-5B-B0-EA-DF-44-3E-1F-3B-47-EA-A3-A7-68-92-6C-C6">
      <ModulePath>C:\Program Files\dotnet\shared\Microsoft.NETCore.App\2.1.17\System.Private.CoreLib.dll</ModulePath>
      <ModuleTime>2020-02-19T20:36:50Z</ModuleTime>
      <ModuleName>System.Private.CoreLib</ModuleName>
      <Classes />
    </Module>
    <Module skippedDueTo="Filter" hash="24-96-32-32-51-E5-0C-91-7E-17-32-1D-60-52-9A-ED-3B-87-7B-EE">
      <ModulePath>D:\GitHub\personal\MPT.Net\MPT\Math\packages\xunit.runner.console.2.4.1\tools\netcoreapp2.0\xunit.console.dll</ModulePath>
      <ModuleTime>2018-10-29T10:17:04Z</ModuleTime>
      <ModuleName>xunit.console</ModuleName>
      <Classes />
    </Module>
    <Module skippedDueTo="Filter" hash="7F-28-A5-B0-43-6F-B9-8C-5C-4B-5C-57-8E-1C-BC-C9-7C-29-0C-28">
      <ModulePath>C:\Program Files\dotnet\shared\Microsoft.NETCore.App\2.1.17\System.Runtime.dll</ModulePath>
      <ModuleTime>2020-02-19T20:36:50Z</ModuleTime>
      <ModuleName>System.Runtime</ModuleName>
      <Classes />
    </Module>
    <Module skippedDueTo="Filter" hash="5A-F0-9A-D5-20-73-4E-6A-81-98-7B-D7-6D-2F-8E-FF-A5-1D-FA-2A">
      <ModulePath>D:\GitHub\personal\MPT.Net\MPT\Math\packages\xunit.runner.console.2.4.1\tools\netcoreapp2.0\xunit.abstractions.dll</ModulePath>
      <ModuleTime>2018-10-29T10:17:04Z</ModuleTime>
      <ModuleName>xunit.abstractions</ModuleName>
      <Classes />
    </Module>
    <Module skippedDueTo="Filter" hash="5C-11-20-98-26-08-81-43-A6-8F-E0-1A-1E-2E-6A-75-C2-3B-77-48">
      <ModulePath>C:\Program Files\dotnet\shared\Microsoft.NETCore.App\2.1.17\System.Console.dll</ModulePath>
      <ModuleTime>2020-02-19T20:36:48Z</ModuleTime>
      <ModuleName>System.Console</ModuleName>
      <Classes />
    </Module>
    <Module skippedDueTo="Filter" hash="54-E3-30-AE-23-4D-73-D2-F6-FB-33-11-2C-BD-5C-23-8C-87-6F-89">
      <ModulePath>C:\Program Files\dotnet\shared\Microsoft.NETCore.App\2.1.17\System.Linq.dll</ModulePath>
      <ModuleTime>2020-02-19T20:36:48Z</ModuleTime>
      <ModuleName>System.Linq</ModuleName>
      <Classes />
    </Module>
    <Module skippedDueTo="Filter" hash="98-A2-C2-43-76-1D-85-94-46-75-11-07-08-72-BB-E2-52-81-EC-1C">
      <ModulePath>C:\Program Files\dotnet\shared\Microsoft.NETCore.App\2.1.17\System.Runtime.Loader.dll</ModulePath>
      <ModuleTime>2020-02-19T20:36:48Z</ModuleTime>
      <ModuleName>System.Runtime.Loader</ModuleName>
      <Classes />
    </Module>
    <Module skippedDueTo="Filter" hash="21-F1-4B-41-35-23-6B-03-3C-9C-4A-94-3A-3F-7A-56-07-09-E7-5D">
      <ModulePath>C:\Program Files\dotnet\shared\Microsoft.NETCore.App\2.1.17\System.IO.FileSystem.dll</ModulePath>
      <ModuleTime>2020-02-19T20:36:48Z</ModuleTime>
      <ModuleName>System.IO.FileSystem</ModuleName>
      <Classes />
    </Module>
    <Module skippedDueTo="Filter" hash="FC-0C-36-E0-55-77-9D-19-87-F8-27-26-01-8A-29-72-DF-AF-C3-E6">
      <ModulePath>C:\Program Files\dotnet\shared\Microsoft.NETCore.App\2.1.17\System.Runtime.Extensions.dll</ModulePath>
      <ModuleTime>2020-02-19T20:36:48Z</ModuleTime>
      <ModuleName>System.Runtime.Extensions</ModuleName>
      <Classes />
    </Module>
    <Module skippedDueTo="Filter" hash="9D-79-78-CF-51-5C-14-B3-DE-2A-E1-4A-95-7A-77-66-51-DE-AB-BC">
      <ModulePath>C:\Program Files\dotnet\shared\Microsoft.NETCore.App\2.1.17\System.Runtime.InteropServices.dll</ModulePath>
      <ModuleTime>2020-02-19T20:36:48Z</ModuleTime>
      <ModuleName>System.Runtime.InteropServices</ModuleName>
      <Classes />
    </Module>
    <Module skippedDueTo="Filter" hash="24-96-32-32-51-E5-0C-91-7E-17-32-1D-60-52-9A-ED-3B-87-7B-EE">
      <ModulePath>D:\GitHub\personal\MPT.Net\MPT\Math\packages\xunit.runner.console.2.4.1\tools\netcoreapp2.0\xunit.console.dll</ModulePath>
      <ModuleTime>2018-10-29T10:17:04Z</ModuleTime>
      <ModuleName>xunit.console</ModuleName>
      <Classes />
    </Module>
    <Module skippedDueTo="Filter" hash="CF-48-71-01-08-A3-DC-32-8E-BF-3F-9E-F7-15-27-7F-AA-5C-04-E1">
      <ModulePath>C:\Program Files\dotnet\shared\Microsoft.NETCore.App\2.1.17\System.Collections.dll</ModulePath>
      <ModuleTime>2020-02-19T20:36:46Z</ModuleTime>
      <ModuleName>System.Collections</ModuleName>
      <Classes />
    </Module>
    <Module skippedDueTo="Filter" hash="2B-C7-D5-C4-38-9F-B8-97-C1-32-D5-22-17-27-D1-02-99-CA-5E-14">
      <ModulePath>C:\Program Files\dotnet\shared\Microsoft.NETCore.App\2.1.17\System.Runtime.InteropServices.RuntimeInformation.dll</ModulePath>
      <ModuleTime>2020-02-19T20:36:48Z</ModuleTime>
      <ModuleName>System.Runtime.InteropServices.RuntimeInformation</ModuleName>
      <Classes />
    </Module>
    <Module skippedDueTo="Filter" hash="9B-9C-B5-A6-99-57-B9-AC-B4-DA-B9-77-6C-48-14-88-E4-77-C9-06">
      <ModulePath>C:\Program Files\dotnet\shared\Microsoft.NETCore.App\2.1.17\System.Threading.dll</ModulePath>
      <ModuleTime>2020-02-19T20:36:50Z</ModuleTime>
      <ModuleName>System.Threading</ModuleName>
      <Classes />
    </Module>
    <Module skippedDueTo="Filter" hash="CF-C3-EA-47-4B-93-05-7B-DA-0D-E5-BB-CD-2C-A7-33-E4-89-87-0A">
      <ModulePath>C:\Program Files\dotnet\shared\Microsoft.NETCore.App\2.1.17\System.Collections.Concurrent.dll</ModulePath>
      <ModuleTime>2020-02-19T20:36:46Z</ModuleTime>
      <ModuleName>System.Collections.Concurrent</ModuleName>
      <Classes />
    </Module>
    <Module skippedDueTo="Filter" hash="EF-B5-C4-46-11-BA-0D-E3-7E-A3-77-AD-AD-1B-A9-22-E6-4F-7B-BB">
      <ModulePath>D:\GitHub\personal\MPT.Net\MPT\Math\packages\xunit.runner.console.2.4.1\tools\netcoreapp2.0\xunit.runner.utility.netcoreapp10.dll</ModulePath>
      <ModuleTime>2018-10-29T10:17:04Z</ModuleTime>
      <ModuleName>xunit.runner.utility.netcoreapp10</ModuleName>
      <Classes />
    </Module>
    <Module skippedDueTo="Filter" hash="3B-54-85-37-55-7A-06-85-64-32-9E-0B-04-4C-27-09-7B-D2-2C-8F">
      <ModulePath>C:\Program Files\dotnet\shared\Microsoft.NETCore.App\2.1.17\System.Diagnostics.Debug.dll</ModulePath>
      <ModuleTime>2020-02-19T20:36:48Z</ModuleTime>
      <ModuleName>System.Diagnostics.Debug</ModuleName>
      <Classes />
    </Module>
    <Module skippedDueTo="Filter" hash="FA-E0-3B-93-30-FB-B1-F0-4C-13-71-32-7D-D2-C9-70-C0-05-35-73">
      <ModulePath>C:\Program Files\dotnet\shared\Microsoft.NETCore.App\2.1.17\System.IO.dll</ModulePath>
      <ModuleTime>2020-02-19T20:36:48Z</ModuleTime>
      <ModuleName>System.IO</ModuleName>
      <Classes />
    </Module>
    <Module skippedDueTo="Filter" hash="BB-D5-9A-98-FA-0E-1F-2C-C7-29-C0-F9-16-F5-49-9A-9D-67-87-FA">
      <ModulePath>C:\Program Files\dotnet\shared\Microsoft.NETCore.App\2.1.17\System.Xml.XDocument.dll</ModulePath>
      <ModuleTime>2020-02-19T20:36:50Z</ModuleTime>
      <ModuleName>System.Xml.XDocument</ModuleName>
      <Classes />
    </Module>
    <Module skippedDueTo="Filter" hash="A9-8F-42-21-7C-8E-79-E1-08-8B-CE-17-48-87-B1-D7-FD-67-AE-06">
      <ModulePath>C:\Program Files\dotnet\shared\Microsoft.NETCore.App\2.1.17\System.Private.Xml.Linq.dll</ModulePath>
      <ModuleTime>2020-02-19T20:36:48Z</ModuleTime>
      <ModuleName>System.Private.Xml.Linq</ModuleName>
      <Classes />
    </Module>
    <Module skippedDueTo="Filter" hash="20-60-9D-CA-AB-81-24-A3-81-E2-79-2E-5A-A2-6F-28-A6-C3-F2-BE">
      <ModulePath>C:\Program Files\dotnet\shared\Microsoft.NETCore.App\2.1.17\System.Private.Xml.dll</ModulePath>
      <ModuleTime>2020-02-19T20:36:48Z</ModuleTime>
      <ModuleName>System.Private.Xml</ModuleName>
      <Classes />
    </Module>
    <Module skippedDueTo="Filter" hash="88-52-BF-06-A7-EB-73-95-27-0C-1F-0B-40-C3-30-89-6D-CB-B4-D4">
      <ModulePath>C:\Program Files\dotnet\shared\Microsoft.NETCore.App\2.1.17\System.Memory.dll</ModulePath>
      <ModuleTime>2020-02-19T20:36:48Z</ModuleTime>
      <ModuleName>System.Memory</ModuleName>
      <Classes />
    </Module>
    <Module skippedDueTo="Filter" hash="A5-1C-88-45-12-21-B4-50-36-39-68-F9-4E-9B-52-06-6C-A5-43-87">
      <ModulePath>C:\Program Files\dotnet\shared\Microsoft.NETCore.App\2.1.17\System.Buffers.dll</ModulePath>
      <ModuleTime>2020-02-19T20:36:46Z</ModuleTime>
      <ModuleName>System.Buffers</ModuleName>
      <Classes />
    </Module>
    <Module skippedDueTo="Filter" hash="8A-C1-B9-B2-6E-D4-B2-41-36-18-13-95-7F-7F-42-61-7E-0C-91-11">
      <ModulePath>D:\GitHub\personal\MPT.Net\MPT\Math\packages\xunit.runner.console.2.4.1\tools\netcoreapp2.0\xunit.runner.reporters.netcoreapp10.dll</ModulePath>
      <ModuleTime>2018-10-29T10:17:04Z</ModuleTime>
      <ModuleName>xunit.runner.reporters.netcoreapp10</ModuleName>
      <Classes />
    </Module>
    <Module skippedDueTo="Filter" hash="BC-CD-A9-8D-13-96-4E-D8-88-90-E1-34-2F-E0-AA-A6-FE-61-61-15">
      <ModulePath>C:\Program Files\dotnet\shared\Microsoft.NETCore.App\2.1.17\System.Threading.Tasks.dll</ModulePath>
      <ModuleTime>2020-02-19T20:36:50Z</ModuleTime>
      <ModuleName>System.Threading.Tasks</ModuleName>
      <Classes />
    </Module>
    <Module skippedDueTo="Filter" hash="43-96-31-D4-23-2C-CF-A3-01-F4-BD-09-7D-96-3D-4E-D2-AE-1E-10">
      <ModulePath>C:\Program Files\dotnet\shared\Microsoft.NETCore.App\2.1.17\System.Net.Http.dll</ModulePath>
      <ModuleTime>2020-02-19T20:36:48Z</ModuleTime>
      <ModuleName>System.Net.Http</ModuleName>
      <Classes />
    </Module>
    <Module skippedDueTo="Filter" hash="9F-EE-26-DF-2F-57-E7-17-BB-30-D5-E6-97-0F-5C-D5-0D-B7-D2-18">
      <ModulePath>C:\Program Files\dotnet\shared\Microsoft.NETCore.App\2.1.17\System.Net.Primitives.dll</ModulePath>
      <ModuleTime>2020-02-19T20:36:48Z</ModuleTime>
      <ModuleName>System.Net.Primitives</ModuleName>
      <Classes />
    </Module>
    <Module skippedDueTo="Filter" hash="24-92-A2-72-C0-25-D3-1C-5D-74-EA-30-94-6A-46-EE-EA-F2-C3-9A">
      <ModulePath>C:\Program Files\dotnet\shared\Microsoft.NETCore.App\2.1.17\System.Reflection.dll</ModulePath>
      <ModuleTime>2020-02-19T20:36:48Z</ModuleTime>
      <ModuleName>System.Reflection</ModuleName>
      <Classes />
    </Module>
    <Module skippedDueTo="Filter" hash="FF-BD-9F-69-2C-DD-40-A2-8A-D2-73-35-47-7B-F5-4D-81-D0-56-CF">
      <ModulePath>C:\Program Files\dotnet\shared\Microsoft.NETCore.App\2.1.17\System.Reflection.Extensions.dll</ModulePath>
      <ModuleTime>2020-02-19T20:36:48Z</ModuleTime>
      <ModuleName>System.Reflection.Extensions</ModuleName>
      <Classes />
    </Module>
    <Module skippedDueTo="Filter" hash="09-5C-A0-FB-AC-62-CE-C8-F8-A4-B9-E5-50-98-A9-6F-6B-7B-26-64">
      <ModulePath>C:\Program Files\dotnet\shared\Microsoft.NETCore.App\2.1.17\System.Text.Encoding.Extensions.dll</ModulePath>
      <ModuleTime>2020-02-19T20:36:50Z</ModuleTime>
      <ModuleName>System.Text.Encoding.Extensions</ModuleName>
      <Classes />
    </Module>
    <Module skippedDueTo="MissingPdb" hash="0A-DA-D2-3E-BF-74-3D-BE-3C-AA-52-39-B0-99-B0-91-12-D8-F5-DF">
      <ModulePath>D:\GitHub\personal\MPT.Net\MPT\Math\MPT.Math.xUnitTests\bin\Debug\netcoreapp2.1\MPT.Math.xUnitTests.dll</ModulePath>
      <ModuleTime>2020-05-21T21:56:45.1172886Z</ModuleTime>
      <ModuleName>MPT.Math.xUnitTests</ModuleName>
      <Classes />
    </Module>
    <Module skippedDueTo="Filter" hash="CA-F1-DC-CA-D8-48-83-C5-DC-35-A4-A9-A0-B3-DD-7A-DD-2B-20-03">
      <ModulePath>C:\Program Files\dotnet\shared\Microsoft.NETCore.App\2.1.17\System.Reflection.TypeExtensions.dll</ModulePath>
      <ModuleTime>2020-02-19T20:36:48Z</ModuleTime>
      <ModuleName>System.Reflection.TypeExtensions</ModuleName>
      <Classes />
    </Module>
    <Module skippedDueTo="Filter" hash="B5-1F-AB-23-9C-00-B2-EA-73-D4-96-8E-0D-18-67-43-A9-D8-B8-84">
      <ModulePath>C:\Program Files\dotnet\shared\Microsoft.NETCore.App\2.1.17\System.Text.RegularExpressions.dll</ModulePath>
      <ModuleTime>2020-02-19T20:36:50Z</ModuleTime>
      <ModuleName>System.Text.RegularExpressions</ModuleName>
      <Classes />
    </Module>
    <Module skippedDueTo="Filter" hash="40-25-A6-0F-A5-B4-71-8F-77-23-6F-C1-FC-B2-A9-94-DA-7B-5F-2E">
      <ModulePath>C:\Users\marku\.nuget\packages\microsoft.testplatform.objectmodel\16.5.0\lib\netstandard2.0\Microsoft.VisualStudio.TestPlatform.ObjectModel.dll</ModulePath>
      <ModuleTime>2020-02-05T03:55:22Z</ModuleTime>
      <ModuleName>Microsoft.VisualStudio.TestPlatform.ObjectModel</ModuleName>
      <Classes />
    </Module>
    <Module skippedDueTo="Filter" hash="A1-E0-73-8B-C9-4F-4F-4E-5D-B0-A7-6F-7A-89-A1-A1-71-F4-95-03">
      <ModulePath>C:\Program Files\dotnet\shared\Microsoft.NETCore.App\2.1.17\netstandard.dll</ModulePath>
      <ModuleTime>2020-02-19T20:36:50Z</ModuleTime>
      <ModuleName>netstandard</ModuleName>
      <Classes />
    </Module>
    <Module skippedDueTo="Filter" hash="3C-31-FA-E1-40-F7-A6-2D-4F-3E-87-EA-D2-43-26-1A-D4-D2-F7-ED">
      <ModulePath>C:\Users\marku\.nuget\packages\xunit.extensibility.execution\2.4.0\lib\netstandard2.0\xunit.execution.dotnet.dll</ModulePath>
      <ModuleTime>2018-07-17T10:18:08Z</ModuleTime>
      <ModuleName>xunit.execution.dotnet</ModuleName>
      <Classes />
    </Module>
    <Module skippedDueTo="Filter" hash="BF-D9-CC-4F-BB-09-8D-F5-5B-B9-3F-B8-96-3C-17-30-89-19-CF-18">
      <ModulePath>C:\Users\marku\.nuget\packages\xunit.extensibility.core\2.4.0\lib\netstandard2.0\xunit.core.dll</ModulePath>
      <ModuleTime>2018-07-17T10:18:04Z</ModuleTime>
      <ModuleName>xunit.core</ModuleName>
      <Classes />
    </Module>
    <Module skippedDueTo="Filter" hash="98-E5-D0-B0-C8-4E-07-A3-57-33-C4-FC-82-35-77-8C-BA-DF-DB-DE">
      <ModulePath>C:\Program Files\dotnet\shared\Microsoft.NETCore.App\2.1.17\System.Threading.ThreadPool.dll</ModulePath>
      <ModuleTime>2020-02-19T20:36:50Z</ModuleTime>
      <ModuleName>System.Threading.ThreadPool</ModuleName>
      <Classes />
    </Module>
    <Module skippedDueTo="Filter" hash="40-8D-83-3C-4F-8E-60-F6-A8-82-CE-8D-B3-DE-A8-65-A6-E0-61-4E">
      <ModulePath>C:\Program Files\dotnet\shared\Microsoft.NETCore.App\2.1.17\System.Threading.Thread.dll</ModulePath>
      <ModuleTime>2020-02-19T20:36:50Z</ModuleTime>
      <ModuleName>System.Threading.Thread</ModuleName>
      <Classes />
    </Module>
    <Module skippedDueTo="Filter" hash="79-2D-54-BE-0B-89-81-08-10-24-9B-B4-B3-70-BA-B2-E1-EB-B1-F0">
      <ModulePath>C:\Program Files\dotnet\shared\Microsoft.NETCore.App\2.1.17\System.Linq.Expressions.dll</ModulePath>
      <ModuleTime>2020-02-19T20:36:48Z</ModuleTime>
      <ModuleName>System.Linq.Expressions</ModuleName>
      <Classes />
    </Module>
    <Module skippedDueTo="Filter" hash="">
      <ModulePath>RefEmit_InMemoryManifestModule</ModulePath>
      <ModuleTime>0001-01-01T00:00:00</ModuleTime>
      <ModuleName>Anonymously Hosted DynamicMethods Assembly</ModuleName>
      <Classes />
    </Module>
    <Module skippedDueTo="Filter" hash="E1-26-EE-EB-2C-68-B4-57-E2-7F-DF-23-09-40-61-D5-1D-F7-AF-85">
      <ModulePath>C:\Program Files\dotnet\shared\Microsoft.NETCore.App\2.1.17\System.ObjectModel.dll</ModulePath>
      <ModuleTime>2020-02-19T20:36:48Z</ModuleTime>
      <ModuleName>System.ObjectModel</ModuleName>
      <Classes />
    </Module>
    <Module skippedDueTo="MissingPdb" hash="D2-DB-7B-3F-44-D1-48-A9-92-7A-27-28-B4-62-43-A3-9A-D7-AC-49">
      <ModulePath>D:\GitHub\personal\MPT.Net\MPT\Math\MPT.Math.xUnitTests\bin\Debug\netcoreapp2.1\MPT.Math.dll</ModulePath>
      <ModuleTime>2020-05-21T21:56:43.9213003Z</ModuleTime>
      <ModuleName>MPT.Math</ModuleName>
      <Classes />
    </Module>
    <Module skippedDueTo="Filter" hash="6F-1E-C0-64-D4-D8-C7-9F-A3-94-69-2F-09-2F-4C-25-9C-B8-F7-31">
      <ModulePath>C:\Users\marku\.nuget\packages\xunit.assert\2.4.0\lib\netstandard2.0\xunit.assert.dll</ModulePath>
      <ModuleTime>2018-07-17T10:17:58Z</ModuleTime>
      <ModuleName>xunit.assert</ModuleName>
      <Classes />
    </Module>
    <Module skippedDueTo="Filter" hash="6C-8F-9A-04-16-10-F8-13-9E-17-3F-4A-A7-FD-EE-82-BE-83-EC-BF">
      <ModulePath>C:\Program Files\dotnet\shared\Microsoft.NETCore.App\2.1.17\System.Diagnostics.Tracing.dll</ModulePath>
      <ModuleTime>2020-02-19T20:36:48Z</ModuleTime>
      <ModuleName>System.Diagnostics.Tracing</ModuleName>
      <Classes />
    </Module>
  </Modules>
</CoverageSession>